
2025/01/28 (00:17:23) | ===> btop++ v.1.4.0
2025/01/28 (00:17:23) | WARNING: ROCm SMI: Failed to get maximum GPU temperature, defaulting to 110°C
2025/01/28 (00:17:23) | WARNING: ROCm SMI: Failed to get PCIe throughput
2025/01/28 (00:17:23) | WARNING: ROCm SMI: Failed to get maximum GPU power draw, defaulting to 225W
2025/01/28 (00:17:23) | WARNING: ROCm SMI: Failed to get maximum GPU temperature, defaulting to 110°C
2025/01/28 (00:17:23) | WARNING: ROCm SMI: Failed to get VRAM utilization
2025/01/28 (00:17:23) | WARNING: ROCm SMI: Failed to get GPU power usage
2025/01/28 (00:17:23) | WARNING: ROCm SMI: Failed to get PCIe throughput

2025/01/28 (00:19:04) | ===> btop++ v.1.4.0
2025/01/28 (00:19:04) | WARNING: ROCm SMI: Failed to get maximum GPU temperature, defaulting to 110°C
2025/01/28 (00:19:04) | WARNING: ROCm SMI: Failed to get PCIe throughput
2025/01/28 (00:19:04) | WARNING: ROCm SMI: Failed to get maximum GPU power draw, defaulting to 225W
2025/01/28 (00:19:04) | WARNING: ROCm SMI: Failed to get maximum GPU temperature, defaulting to 110°C
2025/01/28 (00:19:04) | WARNING: ROCm SMI: Failed to get VRAM utilization
2025/01/28 (00:19:04) | WARNING: ROCm SMI: Failed to get GPU power usage
2025/01/28 (00:19:04) | WARNING: ROCm SMI: Failed to get PCIe throughput

2025/01/28 (00:23:14) | ===> btop++ v.1.4.0
2025/01/28 (00:23:14) | WARNING: ROCm SMI: Failed to get maximum GPU temperature, defaulting to 110°C
2025/01/28 (00:23:14) | WARNING: ROCm SMI: Failed to get PCIe throughput
2025/01/28 (00:23:14) | WARNING: ROCm SMI: Failed to get maximum GPU power draw, defaulting to 225W
2025/01/28 (00:23:14) | WARNING: ROCm SMI: Failed to get maximum GPU temperature, defaulting to 110°C
2025/01/28 (00:23:14) | WARNING: ROCm SMI: Failed to get VRAM utilization
2025/01/28 (00:23:14) | WARNING: ROCm SMI: Failed to get GPU power usage
2025/01/28 (00:23:14) | WARNING: ROCm SMI: Failed to get PCIe throughput

2025/01/28 (00:42:27) | ===> btop++ v.1.4.0
2025/01/28 (00:42:27) | WARNING: ROCm SMI: Failed to get maximum GPU temperature, defaulting to 110°C
2025/01/28 (00:42:27) | WARNING: ROCm SMI: Failed to get PCIe throughput
2025/01/28 (00:42:27) | WARNING: ROCm SMI: Failed to get maximum GPU power draw, defaulting to 225W
2025/01/28 (00:42:27) | WARNING: ROCm SMI: Failed to get maximum GPU temperature, defaulting to 110°C
2025/01/28 (00:42:27) | WARNING: ROCm SMI: Failed to get VRAM utilization
2025/01/28 (00:42:27) | WARNING: ROCm SMI: Failed to get GPU power usage
2025/01/28 (00:42:27) | WARNING: ROCm SMI: Failed to get PCIe throughput

2025/01/28 (01:16:48) | ===> btop++ v.1.4.0
2025/01/28 (01:16:48) | WARNING: ROCm SMI: Failed to get maximum GPU temperature, defaulting to 110°C
2025/01/28 (01:16:48) | WARNING: ROCm SMI: Failed to get PCIe throughput
2025/01/28 (01:16:48) | WARNING: ROCm SMI: Failed to get maximum GPU power draw, defaulting to 225W
2025/01/28 (01:16:48) | WARNING: ROCm SMI: Failed to get maximum GPU temperature, defaulting to 110°C
2025/01/28 (01:16:48) | WARNING: ROCm SMI: Failed to get VRAM utilization
2025/01/28 (01:16:48) | WARNING: ROCm SMI: Failed to get GPU power usage
2025/01/28 (01:16:48) | WARNING: ROCm SMI: Failed to get PCIe throughput

2025/01/28 (01:26:19) | ===> btop++ v.1.4.0
2025/01/28 (01:26:19) | WARNING: ROCm SMI: Failed to get maximum GPU temperature, defaulting to 110°C
2025/01/28 (01:26:19) | WARNING: ROCm SMI: Failed to get PCIe throughput
2025/01/28 (01:26:19) | WARNING: ROCm SMI: Failed to get maximum GPU power draw, defaulting to 225W
2025/01/28 (01:26:19) | WARNING: ROCm SMI: Failed to get maximum GPU temperature, defaulting to 110°C
2025/01/28 (01:26:19) | WARNING: ROCm SMI: Failed to get VRAM utilization
2025/01/28 (01:26:19) | WARNING: ROCm SMI: Failed to get GPU power usage
2025/01/28 (01:26:19) | WARNING: ROCm SMI: Failed to get PCIe throughput

2025/01/28 (17:58:21) | ===> btop++ v.1.4.0
2025/01/28 (17:58:21) | WARNING: ROCm SMI: Failed to get maximum GPU temperature, defaulting to 110°C
2025/01/28 (17:58:21) | WARNING: ROCm SMI: Failed to get PCIe throughput
2025/01/28 (17:58:21) | WARNING: ROCm SMI: Failed to get maximum GPU power draw, defaulting to 225W
2025/01/28 (17:58:21) | WARNING: ROCm SMI: Failed to get maximum GPU temperature, defaulting to 110°C
2025/01/28 (17:58:21) | WARNING: ROCm SMI: Failed to get VRAM utilization
2025/01/28 (17:58:21) | WARNING: ROCm SMI: Failed to get GPU power usage
2025/01/28 (17:58:21) | WARNING: ROCm SMI: Failed to get PCIe throughput
2025/01/28 (21:08:54) | ERROR: Stall in Runner thread, restarting!

2025/01/28 (21:09:23) | ===> btop++ v.1.4.0
2025/01/28 (21:09:23) | WARNING: ROCm SMI: Failed to get maximum GPU temperature, defaulting to 110°C
2025/01/28 (21:09:23) | WARNING: ROCm SMI: Failed to get PCIe throughput
2025/01/28 (21:09:23) | WARNING: ROCm SMI: Failed to get maximum GPU power draw, defaulting to 225W
2025/01/28 (21:09:23) | WARNING: ROCm SMI: Failed to get maximum GPU temperature, defaulting to 110°C
2025/01/28 (21:09:23) | WARNING: ROCm SMI: Failed to get VRAM utilization
2025/01/28 (21:09:23) | WARNING: ROCm SMI: Failed to get GPU power usage
2025/01/28 (21:09:23) | WARNING: ROCm SMI: Failed to get PCIe throughput
2025/01/28 (21:10:05) | WARNING: Failed to join _runner thread on exit!

2025/01/28 (21:10:07) | ===> btop++ v.1.4.0
2025/01/28 (21:10:07) | WARNING: ROCm SMI: Failed to get maximum GPU temperature, defaulting to 110°C
2025/01/28 (21:10:07) | WARNING: ROCm SMI: Failed to get PCIe throughput
2025/01/28 (21:10:07) | WARNING: ROCm SMI: Failed to get maximum GPU power draw, defaulting to 225W
2025/01/28 (21:10:07) | WARNING: ROCm SMI: Failed to get maximum GPU temperature, defaulting to 110°C
2025/01/28 (21:10:07) | WARNING: ROCm SMI: Failed to get VRAM utilization
2025/01/28 (21:10:07) | WARNING: ROCm SMI: Failed to get GPU power usage
2025/01/28 (21:10:07) | WARNING: ROCm SMI: Failed to get PCIe throughput

2025/01/28 (21:10:15) | ===> btop++ v.1.4.0
2025/01/28 (21:10:15) | WARNING: ROCm SMI: Failed to get maximum GPU temperature, defaulting to 110°C
2025/01/28 (21:10:15) | WARNING: ROCm SMI: Failed to get PCIe throughput
2025/01/28 (21:10:15) | WARNING: ROCm SMI: Failed to get maximum GPU power draw, defaulting to 225W
2025/01/28 (21:10:15) | WARNING: ROCm SMI: Failed to get maximum GPU temperature, defaulting to 110°C
2025/01/28 (21:10:15) | WARNING: ROCm SMI: Failed to get VRAM utilization
2025/01/28 (21:10:15) | WARNING: ROCm SMI: Failed to get GPU power usage
2025/01/28 (21:10:15) | WARNING: ROCm SMI: Failed to get PCIe throughput

2025/01/28 (22:00:35) | ===> btop++ v.1.4.0
2025/01/28 (22:00:35) | WARNING: ROCm SMI: Failed to get maximum GPU temperature, defaulting to 110°C
2025/01/28 (22:00:35) | WARNING: ROCm SMI: Failed to get PCIe throughput
2025/01/28 (22:00:35) | WARNING: ROCm SMI: Failed to get maximum GPU power draw, defaulting to 225W
2025/01/28 (22:00:35) | WARNING: ROCm SMI: Failed to get maximum GPU temperature, defaulting to 110°C
2025/01/28 (22:00:35) | WARNING: ROCm SMI: Failed to get VRAM utilization
2025/01/28 (22:00:35) | WARNING: ROCm SMI: Failed to get GPU power usage
2025/01/28 (22:00:35) | WARNING: ROCm SMI: Failed to get PCIe throughput

2025/01/28 (23:29:24) | ===> btop++ v.1.4.0
2025/01/28 (23:29:24) | WARNING: ROCm SMI: Failed to get maximum GPU temperature, defaulting to 110°C
2025/01/28 (23:29:24) | WARNING: ROCm SMI: Failed to get PCIe throughput
2025/01/28 (23:29:24) | WARNING: ROCm SMI: Failed to get maximum GPU power draw, defaulting to 225W
2025/01/28 (23:29:24) | WARNING: ROCm SMI: Failed to get maximum GPU temperature, defaulting to 110°C
2025/01/28 (23:29:24) | WARNING: ROCm SMI: Failed to get VRAM utilization
2025/01/28 (23:29:24) | WARNING: ROCm SMI: Failed to get GPU power usage
2025/01/28 (23:29:24) | WARNING: ROCm SMI: Failed to get PCIe throughput

2025/01/29 (18:03:27) | ===> btop++ v.1.4.0
2025/01/29 (18:03:27) | WARNING: ROCm SMI: Failed to get maximum GPU temperature, defaulting to 110°C
2025/01/29 (18:03:27) | WARNING: ROCm SMI: Failed to get PCIe throughput
2025/01/29 (18:03:27) | WARNING: ROCm SMI: Failed to get maximum GPU power draw, defaulting to 225W
2025/01/29 (18:03:27) | WARNING: ROCm SMI: Failed to get maximum GPU temperature, defaulting to 110°C
2025/01/29 (18:03:27) | WARNING: ROCm SMI: Failed to get VRAM utilization
2025/01/29 (18:03:27) | WARNING: ROCm SMI: Failed to get GPU power usage
2025/01/29 (18:03:27) | WARNING: ROCm SMI: Failed to get PCIe throughput

2025/01/29 (22:21:35) | ===> btop++ v.1.4.0
2025/01/29 (22:21:35) | WARNING: ROCm SMI: Failed to get maximum GPU temperature, defaulting to 110°C
2025/01/29 (22:21:35) | WARNING: ROCm SMI: Failed to get PCIe throughput
2025/01/29 (22:21:35) | WARNING: ROCm SMI: Failed to get maximum GPU power draw, defaulting to 225W
2025/01/29 (22:21:35) | WARNING: ROCm SMI: Failed to get maximum GPU temperature, defaulting to 110°C
2025/01/29 (22:21:35) | WARNING: ROCm SMI: Failed to get VRAM utilization
2025/01/29 (22:21:35) | WARNING: ROCm SMI: Failed to get GPU power usage
2025/01/29 (22:21:35) | WARNING: ROCm SMI: Failed to get PCIe throughput

2025/01/29 (22:22:42) | ===> btop++ v.1.4.0
2025/01/29 (22:22:42) | WARNING: ROCm SMI: Failed to get maximum GPU temperature, defaulting to 110°C
2025/01/29 (22:22:42) | WARNING: ROCm SMI: Failed to get PCIe throughput
2025/01/29 (22:22:42) | WARNING: ROCm SMI: Failed to get maximum GPU power draw, defaulting to 225W
2025/01/29 (22:22:42) | WARNING: ROCm SMI: Failed to get maximum GPU temperature, defaulting to 110°C
2025/01/29 (22:22:42) | WARNING: ROCm SMI: Failed to get VRAM utilization
2025/01/29 (22:22:42) | WARNING: ROCm SMI: Failed to get GPU power usage
2025/01/29 (22:22:42) | WARNING: ROCm SMI: Failed to get PCIe throughput

2025/01/29 (22:57:00) | ===> btop++ v.1.4.0
2025/01/29 (22:57:00) | WARNING: ROCm SMI: Failed to get maximum GPU temperature, defaulting to 110°C
2025/01/29 (22:57:00) | WARNING: ROCm SMI: Failed to get PCIe throughput
2025/01/29 (22:57:00) | WARNING: ROCm SMI: Failed to get maximum GPU power draw, defaulting to 225W
2025/01/29 (22:57:00) | WARNING: ROCm SMI: Failed to get maximum GPU temperature, defaulting to 110°C
2025/01/29 (22:57:00) | WARNING: ROCm SMI: Failed to get VRAM utilization
2025/01/29 (22:57:00) | WARNING: ROCm SMI: Failed to get GPU power usage
2025/01/29 (22:57:00) | WARNING: ROCm SMI: Failed to get PCIe throughput

2025/01/29 (23:04:53) | ===> btop++ v.1.4.0
2025/01/29 (23:04:53) | WARNING: ROCm SMI: Failed to get maximum GPU temperature, defaulting to 110°C
2025/01/29 (23:04:53) | WARNING: ROCm SMI: Failed to get PCIe throughput
2025/01/29 (23:04:53) | WARNING: ROCm SMI: Failed to get maximum GPU power draw, defaulting to 225W
2025/01/29 (23:04:53) | WARNING: ROCm SMI: Failed to get maximum GPU temperature, defaulting to 110°C
2025/01/29 (23:04:53) | WARNING: ROCm SMI: Failed to get VRAM utilization
2025/01/29 (23:04:53) | WARNING: ROCm SMI: Failed to get GPU power usage
2025/01/29 (23:04:53) | WARNING: ROCm SMI: Failed to get PCIe throughput

2025/01/29 (23:38:23) | ===> btop++ v.1.4.0
2025/01/29 (23:38:23) | WARNING: ROCm SMI: Failed to get maximum GPU temperature, defaulting to 110°C
2025/01/29 (23:38:23) | WARNING: ROCm SMI: Failed to get PCIe throughput
2025/01/29 (23:38:23) | WARNING: ROCm SMI: Failed to get maximum GPU power draw, defaulting to 225W
2025/01/29 (23:38:23) | WARNING: ROCm SMI: Failed to get maximum GPU temperature, defaulting to 110°C
2025/01/29 (23:38:23) | WARNING: ROCm SMI: Failed to get VRAM utilization
2025/01/29 (23:38:23) | WARNING: ROCm SMI: Failed to get GPU power usage
2025/01/29 (23:38:23) | WARNING: ROCm SMI: Failed to get PCIe throughput

2025/01/30 (12:39:48) | ===> btop++ v.1.4.0
2025/01/30 (12:39:48) | WARNING: ROCm SMI: Failed to get maximum GPU temperature, defaulting to 110°C
2025/01/30 (12:39:48) | WARNING: ROCm SMI: Failed to get PCIe throughput
2025/01/30 (12:39:48) | WARNING: ROCm SMI: Failed to get maximum GPU power draw, defaulting to 225W
2025/01/30 (12:39:48) | WARNING: ROCm SMI: Failed to get maximum GPU temperature, defaulting to 110°C
2025/01/30 (12:39:48) | WARNING: ROCm SMI: Failed to get VRAM utilization
2025/01/30 (12:39:48) | WARNING: ROCm SMI: Failed to get GPU power usage
2025/01/30 (12:39:48) | WARNING: ROCm SMI: Failed to get PCIe throughput

2025/01/30 (17:25:35) | ===> btop++ v.1.4.0
2025/01/30 (17:25:35) | WARNING: ROCm SMI: Failed to get maximum GPU temperature, defaulting to 110°C
2025/01/30 (17:25:35) | WARNING: ROCm SMI: Failed to get PCIe throughput
2025/01/30 (17:25:35) | WARNING: ROCm SMI: Failed to get maximum GPU power draw, defaulting to 225W
2025/01/30 (17:25:35) | WARNING: ROCm SMI: Failed to get maximum GPU temperature, defaulting to 110°C
2025/01/30 (17:25:35) | WARNING: ROCm SMI: Failed to get VRAM utilization
2025/01/30 (17:25:35) | WARNING: ROCm SMI: Failed to get GPU power usage
2025/01/30 (17:25:35) | WARNING: ROCm SMI: Failed to get PCIe throughput

2025/01/30 (23:03:23) | ===> btop++ v.1.4.0
2025/01/30 (23:03:23) | WARNING: ROCm SMI: Failed to get maximum GPU temperature, defaulting to 110°C
2025/01/30 (23:03:23) | WARNING: ROCm SMI: Failed to get PCIe throughput
2025/01/30 (23:03:23) | WARNING: ROCm SMI: Failed to get maximum GPU power draw, defaulting to 225W
2025/01/30 (23:03:23) | WARNING: ROCm SMI: Failed to get maximum GPU temperature, defaulting to 110°C
2025/01/30 (23:03:23) | WARNING: ROCm SMI: Failed to get VRAM utilization
2025/01/30 (23:03:23) | WARNING: ROCm SMI: Failed to get GPU power usage
2025/01/30 (23:03:23) | WARNING: ROCm SMI: Failed to get PCIe throughput

2025/01/30 (23:03:29) | ===> btop++ v.1.4.0
2025/01/30 (23:03:29) | WARNING: ROCm SMI: Failed to get maximum GPU temperature, defaulting to 110°C
2025/01/30 (23:03:29) | WARNING: ROCm SMI: Failed to get PCIe throughput
2025/01/30 (23:03:29) | WARNING: ROCm SMI: Failed to get maximum GPU power draw, defaulting to 225W
2025/01/30 (23:03:29) | WARNING: ROCm SMI: Failed to get maximum GPU temperature, defaulting to 110°C
2025/01/30 (23:03:29) | WARNING: ROCm SMI: Failed to get VRAM utilization
2025/01/30 (23:03:29) | WARNING: ROCm SMI: Failed to get GPU power usage
2025/01/30 (23:03:29) | WARNING: ROCm SMI: Failed to get PCIe throughput

2025/01/30 (23:04:03) | ===> btop++ v.1.4.0
2025/01/30 (23:04:03) | WARNING: ROCm SMI: Failed to get maximum GPU temperature, defaulting to 110°C
2025/01/30 (23:04:03) | WARNING: ROCm SMI: Failed to get PCIe throughput
2025/01/30 (23:04:03) | WARNING: ROCm SMI: Failed to get maximum GPU power draw, defaulting to 225W
2025/01/30 (23:04:03) | WARNING: ROCm SMI: Failed to get maximum GPU temperature, defaulting to 110°C
2025/01/30 (23:04:03) | WARNING: ROCm SMI: Failed to get VRAM utilization
2025/01/30 (23:04:03) | WARNING: ROCm SMI: Failed to get GPU power usage
2025/01/30 (23:04:03) | WARNING: ROCm SMI: Failed to get PCIe throughput

2025/01/30 (23:04:10) | ===> btop++ v.1.4.0
2025/01/30 (23:04:10) | WARNING: ROCm SMI: Failed to get maximum GPU temperature, defaulting to 110°C
2025/01/30 (23:04:10) | WARNING: ROCm SMI: Failed to get PCIe throughput
2025/01/30 (23:04:10) | WARNING: ROCm SMI: Failed to get maximum GPU power draw, defaulting to 225W
2025/01/30 (23:04:10) | WARNING: ROCm SMI: Failed to get maximum GPU temperature, defaulting to 110°C
2025/01/30 (23:04:10) | WARNING: ROCm SMI: Failed to get VRAM utilization
2025/01/30 (23:04:10) | WARNING: ROCm SMI: Failed to get GPU power usage
2025/01/30 (23:04:10) | WARNING: ROCm SMI: Failed to get PCIe throughput

2025/01/30 (23:15:55) | ===> btop++ v.1.4.0
2025/01/30 (23:15:55) | WARNING: ROCm SMI: Failed to get maximum GPU temperature, defaulting to 110°C
2025/01/30 (23:15:55) | WARNING: ROCm SMI: Failed to get PCIe throughput
2025/01/30 (23:15:55) | WARNING: ROCm SMI: Failed to get maximum GPU power draw, defaulting to 225W
2025/01/30 (23:15:55) | WARNING: ROCm SMI: Failed to get maximum GPU temperature, defaulting to 110°C
2025/01/30 (23:15:55) | WARNING: ROCm SMI: Failed to get VRAM utilization
2025/01/30 (23:15:55) | WARNING: ROCm SMI: Failed to get GPU power usage
2025/01/30 (23:15:55) | WARNING: ROCm SMI: Failed to get PCIe throughput
2025/01/30 (23:16:09) | ERROR: Couldn't determine terminal size of "STDOUT_FILENO"!
2025/01/30 (23:16:09) | ERROR: Couldn't determine terminal size of "/dev/tty"!

2025/01/30 (23:41:16) | ===> btop++ v.1.4.0
2025/01/30 (23:41:16) | WARNING: ROCm SMI: Failed to get maximum GPU temperature, defaulting to 110°C
2025/01/30 (23:41:16) | WARNING: ROCm SMI: Failed to get PCIe throughput
2025/01/30 (23:41:16) | WARNING: ROCm SMI: Failed to get maximum GPU power draw, defaulting to 225W
2025/01/30 (23:41:16) | WARNING: ROCm SMI: Failed to get maximum GPU temperature, defaulting to 110°C
2025/01/30 (23:41:16) | WARNING: ROCm SMI: Failed to get VRAM utilization
2025/01/30 (23:41:16) | WARNING: ROCm SMI: Failed to get GPU power usage
2025/01/30 (23:41:16) | WARNING: ROCm SMI: Failed to get PCIe throughput

2025/01/31 (16:59:53) | ===> btop++ v.1.4.0
2025/01/31 (16:59:53) | WARNING: ROCm SMI: Failed to get maximum GPU temperature, defaulting to 110°C
2025/01/31 (16:59:53) | WARNING: ROCm SMI: Failed to get PCIe throughput
2025/01/31 (16:59:53) | WARNING: ROCm SMI: Failed to get maximum GPU power draw, defaulting to 225W
2025/01/31 (16:59:53) | WARNING: ROCm SMI: Failed to get maximum GPU temperature, defaulting to 110°C
2025/01/31 (16:59:53) | WARNING: ROCm SMI: Failed to get VRAM utilization
2025/01/31 (16:59:53) | WARNING: ROCm SMI: Failed to get GPU power usage
2025/01/31 (16:59:53) | WARNING: ROCm SMI: Failed to get PCIe throughput

2025/01/31 (17:40:36) | ===> btop++ v.1.4.0
2025/01/31 (17:40:36) | WARNING: ROCm SMI: Failed to get maximum GPU temperature, defaulting to 110°C
2025/01/31 (17:40:36) | WARNING: ROCm SMI: Failed to get PCIe throughput
2025/01/31 (17:40:36) | WARNING: ROCm SMI: Failed to get maximum GPU power draw, defaulting to 225W
2025/01/31 (17:40:36) | WARNING: ROCm SMI: Failed to get maximum GPU temperature, defaulting to 110°C
2025/01/31 (17:40:36) | WARNING: ROCm SMI: Failed to get VRAM utilization
2025/01/31 (17:40:36) | WARNING: ROCm SMI: Failed to get GPU power usage
2025/01/31 (17:40:36) | WARNING: ROCm SMI: Failed to get PCIe throughput

2025/01/31 (18:11:00) | ===> btop++ v.1.4.0
2025/01/31 (18:11:00) | WARNING: ROCm SMI: Failed to get maximum GPU temperature, defaulting to 110°C
2025/01/31 (18:11:00) | WARNING: ROCm SMI: Failed to get PCIe throughput
2025/01/31 (18:11:00) | WARNING: ROCm SMI: Failed to get maximum GPU power draw, defaulting to 225W
2025/01/31 (18:11:00) | WARNING: ROCm SMI: Failed to get maximum GPU temperature, defaulting to 110°C
2025/01/31 (18:11:00) | WARNING: ROCm SMI: Failed to get VRAM utilization
2025/01/31 (18:11:00) | WARNING: ROCm SMI: Failed to get GPU power usage
2025/01/31 (18:11:00) | WARNING: ROCm SMI: Failed to get PCIe throughput

2025/01/31 (18:16:05) | ===> btop++ v.1.4.0
2025/01/31 (18:16:05) | WARNING: ROCm SMI: Failed to get maximum GPU temperature, defaulting to 110°C
2025/01/31 (18:16:05) | WARNING: ROCm SMI: Failed to get PCIe throughput
2025/01/31 (18:16:05) | WARNING: ROCm SMI: Failed to get maximum GPU power draw, defaulting to 225W
2025/01/31 (18:16:05) | WARNING: ROCm SMI: Failed to get maximum GPU temperature, defaulting to 110°C
2025/01/31 (18:16:05) | WARNING: ROCm SMI: Failed to get VRAM utilization
2025/01/31 (18:16:05) | WARNING: ROCm SMI: Failed to get GPU power usage
2025/01/31 (18:16:05) | WARNING: ROCm SMI: Failed to get PCIe throughput

2025/01/31 (18:37:42) | ===> btop++ v.1.4.0
2025/01/31 (18:37:42) | WARNING: ROCm SMI: Failed to get maximum GPU temperature, defaulting to 110°C
2025/01/31 (18:37:42) | WARNING: ROCm SMI: Failed to get PCIe throughput
2025/01/31 (18:37:42) | WARNING: ROCm SMI: Failed to get maximum GPU power draw, defaulting to 225W
2025/01/31 (18:37:42) | WARNING: ROCm SMI: Failed to get maximum GPU temperature, defaulting to 110°C
2025/01/31 (18:37:42) | WARNING: ROCm SMI: Failed to get VRAM utilization
2025/01/31 (18:37:42) | WARNING: ROCm SMI: Failed to get GPU power usage
2025/01/31 (18:37:42) | WARNING: ROCm SMI: Failed to get PCIe throughput
2025/01/31 (18:37:54) | ERROR: Couldn't determine terminal size of "STDOUT_FILENO"!
2025/01/31 (18:37:54) | ERROR: Couldn't determine terminal size of "/dev/tty"!

2025/01/31 (21:47:28) | ===> btop++ v.1.4.0
2025/01/31 (21:47:28) | WARNING: ROCm SMI: Failed to get maximum GPU temperature, defaulting to 110°C
2025/01/31 (21:47:28) | WARNING: ROCm SMI: Failed to get PCIe throughput
2025/01/31 (21:47:28) | WARNING: ROCm SMI: Failed to get maximum GPU power draw, defaulting to 225W
2025/01/31 (21:47:28) | WARNING: ROCm SMI: Failed to get maximum GPU temperature, defaulting to 110°C
2025/01/31 (21:47:28) | WARNING: ROCm SMI: Failed to get VRAM utilization
2025/01/31 (21:47:28) | WARNING: ROCm SMI: Failed to get GPU power usage
2025/01/31 (21:47:28) | WARNING: ROCm SMI: Failed to get PCIe throughput

2025/02/01 (09:01:45) | ===> btop++ v.1.4.0
2025/02/01 (09:01:45) | WARNING: ROCm SMI: Failed to get maximum GPU temperature, defaulting to 110°C
2025/02/01 (09:01:45) | WARNING: ROCm SMI: Failed to get PCIe throughput
2025/02/01 (09:01:45) | WARNING: ROCm SMI: Failed to get maximum GPU power draw, defaulting to 225W
2025/02/01 (09:01:45) | WARNING: ROCm SMI: Failed to get maximum GPU temperature, defaulting to 110°C
2025/02/01 (09:01:45) | WARNING: ROCm SMI: Failed to get VRAM utilization
2025/02/01 (09:01:45) | WARNING: ROCm SMI: Failed to get GPU power usage
2025/02/01 (09:01:45) | WARNING: ROCm SMI: Failed to get PCIe throughput

2025/02/01 (09:02:38) | ===> btop++ v.1.4.0
2025/02/01 (09:02:38) | WARNING: ROCm SMI: Failed to get maximum GPU temperature, defaulting to 110°C
2025/02/01 (09:02:38) | WARNING: ROCm SMI: Failed to get PCIe throughput
2025/02/01 (09:02:38) | WARNING: ROCm SMI: Failed to get maximum GPU power draw, defaulting to 225W
2025/02/01 (09:02:38) | WARNING: ROCm SMI: Failed to get maximum GPU temperature, defaulting to 110°C
2025/02/01 (09:02:38) | WARNING: ROCm SMI: Failed to get VRAM utilization
2025/02/01 (09:02:38) | WARNING: ROCm SMI: Failed to get GPU power usage
2025/02/01 (09:02:38) | WARNING: ROCm SMI: Failed to get PCIe throughput

2025/02/01 (11:40:04) | ===> btop++ v.1.4.0
2025/02/01 (11:40:04) | WARNING: ROCm SMI: Failed to get maximum GPU temperature, defaulting to 110°C
2025/02/01 (11:40:04) | WARNING: ROCm SMI: Failed to get PCIe throughput
2025/02/01 (11:40:04) | WARNING: ROCm SMI: Failed to get maximum GPU power draw, defaulting to 225W
2025/02/01 (11:40:04) | WARNING: ROCm SMI: Failed to get maximum GPU temperature, defaulting to 110°C
2025/02/01 (11:40:04) | WARNING: ROCm SMI: Failed to get VRAM utilization
2025/02/01 (11:40:04) | WARNING: ROCm SMI: Failed to get GPU power usage
2025/02/01 (11:40:04) | WARNING: ROCm SMI: Failed to get PCIe throughput

2025/02/01 (18:16:25) | ===> btop++ v.1.4.0
2025/02/01 (18:16:25) | WARNING: ROCm SMI: Failed to get maximum GPU temperature, defaulting to 110°C
2025/02/01 (18:16:25) | WARNING: ROCm SMI: Failed to get PCIe throughput
2025/02/01 (18:16:25) | WARNING: ROCm SMI: Failed to get maximum GPU power draw, defaulting to 225W
2025/02/01 (18:16:25) | WARNING: ROCm SMI: Failed to get maximum GPU temperature, defaulting to 110°C
2025/02/01 (18:16:25) | WARNING: ROCm SMI: Failed to get VRAM utilization
2025/02/01 (18:16:25) | WARNING: ROCm SMI: Failed to get GPU power usage
2025/02/01 (18:16:25) | WARNING: ROCm SMI: Failed to get PCIe throughput

2025/02/03 (19:44:25) | ===> btop++ v.1.4.0
2025/02/03 (19:44:25) | WARNING: ROCm SMI: Failed to get maximum GPU temperature, defaulting to 110°C
2025/02/03 (19:44:25) | WARNING: ROCm SMI: Failed to get PCIe throughput
2025/02/03 (19:44:25) | WARNING: ROCm SMI: Failed to get maximum GPU power draw, defaulting to 225W
2025/02/03 (19:44:25) | WARNING: ROCm SMI: Failed to get maximum GPU temperature, defaulting to 110°C
2025/02/03 (19:44:25) | WARNING: ROCm SMI: Failed to get VRAM utilization
2025/02/03 (19:44:25) | WARNING: ROCm SMI: Failed to get GPU power usage
2025/02/03 (19:44:25) | WARNING: ROCm SMI: Failed to get PCIe throughput

2025/02/03 (20:09:04) | ===> btop++ v.1.4.0
2025/02/03 (20:09:04) | WARNING: ROCm SMI: Failed to get maximum GPU temperature, defaulting to 110°C
2025/02/03 (20:09:04) | WARNING: ROCm SMI: Failed to get PCIe throughput
2025/02/03 (20:09:04) | WARNING: ROCm SMI: Failed to get maximum GPU power draw, defaulting to 225W
2025/02/03 (20:09:04) | WARNING: ROCm SMI: Failed to get maximum GPU temperature, defaulting to 110°C
2025/02/03 (20:09:04) | WARNING: ROCm SMI: Failed to get VRAM utilization
2025/02/03 (20:09:04) | WARNING: ROCm SMI: Failed to get GPU power usage
2025/02/03 (20:09:04) | WARNING: ROCm SMI: Failed to get PCIe throughput

2025/02/04 (06:07:44) | ===> btop++ v.1.4.0
2025/02/04 (06:07:44) | WARNING: ROCm SMI: Failed to get maximum GPU temperature, defaulting to 110°C
2025/02/04 (06:07:44) | WARNING: ROCm SMI: Failed to get PCIe throughput
2025/02/04 (06:07:44) | WARNING: ROCm SMI: Failed to get maximum GPU power draw, defaulting to 225W
2025/02/04 (06:07:44) | WARNING: ROCm SMI: Failed to get maximum GPU temperature, defaulting to 110°C
2025/02/04 (06:07:44) | WARNING: ROCm SMI: Failed to get VRAM utilization
2025/02/04 (06:07:44) | WARNING: ROCm SMI: Failed to get GPU power usage
2025/02/04 (06:07:44) | WARNING: ROCm SMI: Failed to get PCIe throughput

2025/02/05 (20:26:17) | ===> btop++ v.1.4.0
2025/02/05 (20:26:17) | WARNING: ROCm SMI: Failed to get maximum GPU temperature, defaulting to 110°C
2025/02/05 (20:26:17) | WARNING: ROCm SMI: Failed to get PCIe throughput
2025/02/05 (20:26:17) | WARNING: ROCm SMI: Failed to get maximum GPU power draw, defaulting to 225W
2025/02/05 (20:26:17) | WARNING: ROCm SMI: Failed to get maximum GPU temperature, defaulting to 110°C
2025/02/05 (20:26:17) | WARNING: ROCm SMI: Failed to get VRAM utilization
2025/02/05 (20:26:17) | WARNING: ROCm SMI: Failed to get GPU power usage
2025/02/05 (20:26:17) | WARNING: ROCm SMI: Failed to get PCIe throughput

2025/02/05 (21:00:40) | ===> btop++ v.1.4.0
2025/02/05 (21:00:40) | WARNING: ROCm SMI: Failed to get maximum GPU temperature, defaulting to 110°C
2025/02/05 (21:00:40) | WARNING: ROCm SMI: Failed to get PCIe throughput
2025/02/05 (21:00:40) | WARNING: ROCm SMI: Failed to get maximum GPU power draw, defaulting to 225W
2025/02/05 (21:00:40) | WARNING: ROCm SMI: Failed to get maximum GPU temperature, defaulting to 110°C
2025/02/05 (21:00:40) | WARNING: ROCm SMI: Failed to get VRAM utilization
2025/02/05 (21:00:40) | WARNING: ROCm SMI: Failed to get GPU power usage
2025/02/05 (21:00:40) | WARNING: ROCm SMI: Failed to get PCIe throughput

2025/02/05 (22:37:00) | ===> btop++ v.1.4.0
2025/02/05 (22:37:00) | WARNING: ROCm SMI: Failed to get maximum GPU temperature, defaulting to 110°C
2025/02/05 (22:37:00) | WARNING: ROCm SMI: Failed to get PCIe throughput
2025/02/05 (22:37:00) | WARNING: ROCm SMI: Failed to get maximum GPU power draw, defaulting to 225W
2025/02/05 (22:37:00) | WARNING: ROCm SMI: Failed to get maximum GPU temperature, defaulting to 110°C
2025/02/05 (22:37:00) | WARNING: ROCm SMI: Failed to get VRAM utilization
2025/02/05 (22:37:00) | WARNING: ROCm SMI: Failed to get GPU power usage
2025/02/05 (22:37:00) | WARNING: ROCm SMI: Failed to get PCIe throughput

2025/02/06 (18:02:39) | ===> btop++ v.1.4.0
2025/02/06 (18:02:39) | WARNING: ROCm SMI: Failed to get maximum GPU temperature, defaulting to 110°C
2025/02/06 (18:02:39) | WARNING: ROCm SMI: Failed to get PCIe throughput
2025/02/06 (18:02:39) | WARNING: ROCm SMI: Failed to get maximum GPU power draw, defaulting to 225W
2025/02/06 (18:02:39) | WARNING: ROCm SMI: Failed to get maximum GPU temperature, defaulting to 110°C
2025/02/06 (18:02:39) | WARNING: ROCm SMI: Failed to get VRAM utilization
2025/02/06 (18:02:39) | WARNING: ROCm SMI: Failed to get GPU power usage
2025/02/06 (18:02:39) | WARNING: ROCm SMI: Failed to get PCIe throughput

2025/02/06 (19:51:17) | ===> btop++ v.1.4.0
2025/02/06 (19:51:17) | WARNING: ROCm SMI: Failed to get maximum GPU temperature, defaulting to 110°C
2025/02/06 (19:51:17) | WARNING: ROCm SMI: Failed to get PCIe throughput
2025/02/06 (19:51:17) | WARNING: ROCm SMI: Failed to get maximum GPU power draw, defaulting to 225W
2025/02/06 (19:51:17) | WARNING: ROCm SMI: Failed to get maximum GPU temperature, defaulting to 110°C
2025/02/06 (19:51:17) | WARNING: ROCm SMI: Failed to get VRAM utilization
2025/02/06 (19:51:17) | WARNING: ROCm SMI: Failed to get GPU power usage
2025/02/06 (19:51:17) | WARNING: ROCm SMI: Failed to get PCIe throughput

2025/02/07 (06:45:34) | ===> btop++ v.1.4.0
2025/02/07 (06:45:34) | WARNING: ROCm SMI: Failed to get maximum GPU temperature, defaulting to 110°C
2025/02/07 (06:45:34) | WARNING: ROCm SMI: Failed to get PCIe throughput
2025/02/07 (06:45:34) | WARNING: ROCm SMI: Failed to get maximum GPU power draw, defaulting to 225W
2025/02/07 (06:45:34) | WARNING: ROCm SMI: Failed to get maximum GPU temperature, defaulting to 110°C
2025/02/07 (06:45:34) | WARNING: ROCm SMI: Failed to get VRAM utilization
2025/02/07 (06:45:34) | WARNING: ROCm SMI: Failed to get GPU power usage
2025/02/07 (06:45:34) | WARNING: ROCm SMI: Failed to get PCIe throughput

2025/02/08 (10:02:54) | ===> btop++ v.1.4.0
2025/02/08 (10:02:54) | WARNING: ROCm SMI: Failed to get maximum GPU temperature, defaulting to 110°C
2025/02/08 (10:02:54) | WARNING: ROCm SMI: Failed to get PCIe throughput
2025/02/08 (10:02:54) | WARNING: ROCm SMI: Failed to get maximum GPU power draw, defaulting to 225W
2025/02/08 (10:02:54) | WARNING: ROCm SMI: Failed to get maximum GPU temperature, defaulting to 110°C
2025/02/08 (10:02:54) | WARNING: ROCm SMI: Failed to get VRAM utilization
2025/02/08 (10:02:54) | WARNING: ROCm SMI: Failed to get GPU power usage
2025/02/08 (10:02:54) | WARNING: ROCm SMI: Failed to get PCIe throughput

2025/02/08 (14:02:28) | ===> btop++ v.1.4.0
2025/02/08 (14:02:28) | WARNING: ROCm SMI: Failed to get maximum GPU temperature, defaulting to 110°C
2025/02/08 (14:02:28) | WARNING: ROCm SMI: Failed to get PCIe throughput
2025/02/08 (14:02:28) | WARNING: ROCm SMI: Failed to get maximum GPU power draw, defaulting to 225W
2025/02/08 (14:02:28) | WARNING: ROCm SMI: Failed to get maximum GPU temperature, defaulting to 110°C
2025/02/08 (14:02:28) | WARNING: ROCm SMI: Failed to get VRAM utilization
2025/02/08 (14:02:28) | WARNING: ROCm SMI: Failed to get GPU power usage
2025/02/08 (14:02:28) | WARNING: ROCm SMI: Failed to get PCIe throughput

2025/02/09 (10:40:52) | ===> btop++ v.1.4.0
2025/02/09 (10:40:52) | WARNING: ROCm SMI: Failed to get maximum GPU temperature, defaulting to 110°C
2025/02/09 (10:40:52) | WARNING: ROCm SMI: Failed to get PCIe throughput
2025/02/09 (10:40:52) | WARNING: ROCm SMI: Failed to get maximum GPU power draw, defaulting to 225W
2025/02/09 (10:40:52) | WARNING: ROCm SMI: Failed to get maximum GPU temperature, defaulting to 110°C
2025/02/09 (10:40:52) | WARNING: ROCm SMI: Failed to get VRAM utilization
2025/02/09 (10:40:52) | WARNING: ROCm SMI: Failed to get GPU power usage
2025/02/09 (10:40:52) | WARNING: ROCm SMI: Failed to get PCIe throughput

2025/02/11 (20:16:02) | ===> btop++ v.1.4.0
2025/02/11 (20:16:02) | WARNING: ROCm SMI: Failed to get maximum GPU temperature, defaulting to 110°C
2025/02/11 (20:16:02) | WARNING: ROCm SMI: Failed to get PCIe throughput
2025/02/11 (20:16:02) | WARNING: ROCm SMI: Failed to get maximum GPU power draw, defaulting to 225W
2025/02/11 (20:16:02) | WARNING: ROCm SMI: Failed to get maximum GPU temperature, defaulting to 110°C
2025/02/11 (20:16:02) | WARNING: ROCm SMI: Failed to get VRAM utilization
2025/02/11 (20:16:02) | WARNING: ROCm SMI: Failed to get GPU power usage
2025/02/11 (20:16:02) | WARNING: ROCm SMI: Failed to get PCIe throughput

2025/02/11 (23:25:55) | ===> btop++ v.1.4.0
2025/02/11 (23:25:55) | WARNING: ROCm SMI: Failed to get maximum GPU temperature, defaulting to 110°C
2025/02/11 (23:25:55) | WARNING: ROCm SMI: Failed to get PCIe throughput
2025/02/11 (23:25:55) | WARNING: ROCm SMI: Failed to get maximum GPU power draw, defaulting to 225W
2025/02/11 (23:25:55) | WARNING: ROCm SMI: Failed to get maximum GPU temperature, defaulting to 110°C
2025/02/11 (23:25:55) | WARNING: ROCm SMI: Failed to get VRAM utilization
2025/02/11 (23:25:55) | WARNING: ROCm SMI: Failed to get GPU power usage
2025/02/11 (23:25:55) | WARNING: ROCm SMI: Failed to get PCIe throughput

2025/02/11 (23:58:11) | ===> btop++ v.1.4.0
2025/02/11 (23:58:11) | WARNING: ROCm SMI: Failed to get maximum GPU temperature, defaulting to 110°C
2025/02/11 (23:58:11) | WARNING: ROCm SMI: Failed to get PCIe throughput
2025/02/11 (23:58:11) | WARNING: ROCm SMI: Failed to get maximum GPU power draw, defaulting to 225W
2025/02/11 (23:58:11) | WARNING: ROCm SMI: Failed to get maximum GPU temperature, defaulting to 110°C
2025/02/11 (23:58:11) | WARNING: ROCm SMI: Failed to get VRAM utilization
2025/02/11 (23:58:11) | WARNING: ROCm SMI: Failed to get GPU power usage
2025/02/11 (23:58:11) | WARNING: ROCm SMI: Failed to get PCIe throughput

2025/02/16 (22:56:15) | ===> btop++ v.1.4.0
2025/02/16 (22:56:15) | WARNING: ROCm SMI: Failed to get maximum GPU temperature, defaulting to 110°C
2025/02/16 (22:56:15) | WARNING: ROCm SMI: Failed to get PCIe throughput
2025/02/16 (22:56:15) | WARNING: ROCm SMI: Failed to get maximum GPU power draw, defaulting to 225W
2025/02/16 (22:56:15) | WARNING: ROCm SMI: Failed to get maximum GPU temperature, defaulting to 110°C
2025/02/16 (22:56:15) | WARNING: ROCm SMI: Failed to get VRAM utilization
2025/02/16 (22:56:15) | WARNING: ROCm SMI: Failed to get GPU power usage
2025/02/16 (22:56:15) | WARNING: ROCm SMI: Failed to get PCIe throughput

2025/02/17 (07:41:05) | ===> btop++ v.1.4.0
2025/02/17 (07:41:05) | WARNING: ROCm SMI: Failed to get maximum GPU temperature, defaulting to 110°C
2025/02/17 (07:41:05) | WARNING: ROCm SMI: Failed to get PCIe throughput
2025/02/17 (07:41:05) | WARNING: ROCm SMI: Failed to get maximum GPU power draw, defaulting to 225W
2025/02/17 (07:41:05) | WARNING: ROCm SMI: Failed to get maximum GPU temperature, defaulting to 110°C
2025/02/17 (07:41:05) | WARNING: ROCm SMI: Failed to get VRAM utilization
2025/02/17 (07:41:05) | WARNING: ROCm SMI: Failed to get GPU power usage
2025/02/17 (07:41:05) | WARNING: ROCm SMI: Failed to get PCIe throughput

2025/02/17 (18:15:01) | ===> btop++ v.1.4.0
2025/02/17 (18:15:01) | WARNING: ROCm SMI: Failed to get maximum GPU temperature, defaulting to 110°C
2025/02/17 (18:15:01) | WARNING: ROCm SMI: Failed to get PCIe throughput
2025/02/17 (18:15:01) | WARNING: ROCm SMI: Failed to get maximum GPU power draw, defaulting to 225W
2025/02/17 (18:15:01) | WARNING: ROCm SMI: Failed to get maximum GPU temperature, defaulting to 110°C
2025/02/17 (18:15:01) | WARNING: ROCm SMI: Failed to get VRAM utilization
2025/02/17 (18:15:01) | WARNING: ROCm SMI: Failed to get GPU power usage
2025/02/17 (18:15:01) | WARNING: ROCm SMI: Failed to get PCIe throughput

2025/02/20 (21:36:02) | ===> btop++ v.1.4.0
2025/02/20 (21:36:02) | WARNING: ROCm SMI: Failed to get maximum GPU temperature, defaulting to 110°C
2025/02/20 (21:36:02) | WARNING: ROCm SMI: Failed to get PCIe throughput
2025/02/20 (21:36:02) | WARNING: ROCm SMI: Failed to get maximum GPU power draw, defaulting to 225W
2025/02/20 (21:36:02) | WARNING: ROCm SMI: Failed to get maximum GPU temperature, defaulting to 110°C
2025/02/20 (21:36:02) | WARNING: ROCm SMI: Failed to get VRAM utilization
2025/02/20 (21:36:02) | WARNING: ROCm SMI: Failed to get GPU power usage
2025/02/20 (21:36:02) | WARNING: ROCm SMI: Failed to get PCIe throughput

2025/02/21 (00:17:15) | ===> btop++ v.1.4.0
2025/02/21 (00:17:15) | WARNING: ROCm SMI: Failed to get maximum GPU temperature, defaulting to 110°C
2025/02/21 (00:17:15) | WARNING: ROCm SMI: Failed to get PCIe throughput
2025/02/21 (00:17:15) | WARNING: ROCm SMI: Failed to get maximum GPU power draw, defaulting to 225W
2025/02/21 (00:17:15) | WARNING: ROCm SMI: Failed to get maximum GPU temperature, defaulting to 110°C
2025/02/21 (00:17:15) | WARNING: ROCm SMI: Failed to get VRAM utilization
2025/02/21 (00:17:15) | WARNING: ROCm SMI: Failed to get GPU power usage
2025/02/21 (00:17:15) | WARNING: ROCm SMI: Failed to get PCIe throughput
2025/02/21 (00:17:19) | ERROR: Couldn't determine terminal size of "STDOUT_FILENO"!
2025/02/21 (00:17:19) | ERROR: Couldn't determine terminal size of "/dev/tty"!

2025/02/21 (00:32:45) | ===> btop++ v.1.4.0
2025/02/21 (00:32:45) | WARNING: ROCm SMI: Failed to get maximum GPU temperature, defaulting to 110°C
2025/02/21 (00:32:45) | WARNING: ROCm SMI: Failed to get PCIe throughput
2025/02/21 (00:32:45) | WARNING: ROCm SMI: Failed to get maximum GPU power draw, defaulting to 225W
2025/02/21 (00:32:45) | WARNING: ROCm SMI: Failed to get maximum GPU temperature, defaulting to 110°C
2025/02/21 (00:32:45) | WARNING: ROCm SMI: Failed to get VRAM utilization
2025/02/21 (00:32:45) | WARNING: ROCm SMI: Failed to get GPU power usage
2025/02/21 (00:32:45) | WARNING: ROCm SMI: Failed to get PCIe throughput

2025/03/02 (18:57:08) | ===> btop++ v.1.4.0
2025/03/02 (18:57:08) | WARNING: ROCm SMI: Failed to get maximum GPU temperature, defaulting to 110°C
2025/03/02 (18:57:08) | WARNING: ROCm SMI: Failed to get PCIe throughput
2025/03/02 (18:57:08) | WARNING: ROCm SMI: Failed to get maximum GPU power draw, defaulting to 225W
2025/03/02 (18:57:08) | WARNING: ROCm SMI: Failed to get maximum GPU temperature, defaulting to 110°C
2025/03/02 (18:57:08) | WARNING: ROCm SMI: Failed to get VRAM utilization
2025/03/02 (18:57:08) | WARNING: ROCm SMI: Failed to get GPU power usage
2025/03/02 (18:57:08) | WARNING: ROCm SMI: Failed to get PCIe throughput

2025/03/03 (21:23:48) | ===> btop++ v.1.4.0
2025/03/03 (21:23:48) | WARNING: ROCm SMI: Failed to get maximum GPU temperature, defaulting to 110°C
2025/03/03 (21:23:48) | WARNING: ROCm SMI: Failed to get PCIe throughput
2025/03/03 (21:23:48) | WARNING: ROCm SMI: Failed to get maximum GPU power draw, defaulting to 225W
2025/03/03 (21:23:48) | WARNING: ROCm SMI: Failed to get maximum GPU temperature, defaulting to 110°C
2025/03/03 (21:23:48) | WARNING: ROCm SMI: Failed to get VRAM utilization
2025/03/03 (21:23:48) | WARNING: ROCm SMI: Failed to get GPU power usage
2025/03/03 (21:23:48) | WARNING: ROCm SMI: Failed to get PCIe throughput

2025/03/07 (06:46:01) | ===> btop++ v.1.4.0
2025/03/07 (06:46:01) | WARNING: ROCm SMI: Failed to get maximum GPU temperature, defaulting to 110°C
2025/03/07 (06:46:01) | WARNING: ROCm SMI: Failed to get PCIe throughput
2025/03/07 (06:46:01) | WARNING: ROCm SMI: Failed to get maximum GPU power draw, defaulting to 225W
2025/03/07 (06:46:01) | WARNING: ROCm SMI: Failed to get maximum GPU temperature, defaulting to 110°C
2025/03/07 (06:46:01) | WARNING: ROCm SMI: Failed to get VRAM utilization
2025/03/07 (06:46:01) | WARNING: ROCm SMI: Failed to get GPU power usage
2025/03/07 (06:46:01) | WARNING: ROCm SMI: Failed to get PCIe throughput

2025/03/07 (18:24:23) | ===> btop++ v.1.4.0
2025/03/07 (18:24:23) | WARNING: ROCm SMI: Failed to get maximum GPU temperature, defaulting to 110°C
2025/03/07 (18:24:23) | WARNING: ROCm SMI: Failed to get PCIe throughput
2025/03/07 (18:24:23) | WARNING: ROCm SMI: Failed to get maximum GPU power draw, defaulting to 225W
2025/03/07 (18:24:23) | WARNING: ROCm SMI: Failed to get maximum GPU temperature, defaulting to 110°C
2025/03/07 (18:24:23) | WARNING: ROCm SMI: Failed to get VRAM utilization
2025/03/07 (18:24:23) | WARNING: ROCm SMI: Failed to get GPU power usage
2025/03/07 (18:24:23) | WARNING: ROCm SMI: Failed to get PCIe throughput

2025/03/11 (23:20:36) | ===> btop++ v.1.4.0
2025/03/11 (23:20:36) | WARNING: ROCm SMI: Failed to get maximum GPU temperature, defaulting to 110°C
2025/03/11 (23:20:36) | WARNING: ROCm SMI: Failed to get PCIe throughput
2025/03/11 (23:20:36) | WARNING: ROCm SMI: Failed to get maximum GPU power draw, defaulting to 225W
2025/03/11 (23:20:36) | WARNING: ROCm SMI: Failed to get maximum GPU temperature, defaulting to 110°C
2025/03/11 (23:20:36) | WARNING: ROCm SMI: Failed to get VRAM utilization
2025/03/11 (23:20:36) | WARNING: ROCm SMI: Failed to get GPU power usage
2025/03/11 (23:20:36) | WARNING: ROCm SMI: Failed to get PCIe throughput

2025/03/13 (07:38:30) | ===> btop++ v.1.4.0
2025/03/13 (07:38:30) | WARNING: ROCm SMI: Failed to get maximum GPU temperature, defaulting to 110°C
2025/03/13 (07:38:30) | WARNING: ROCm SMI: Failed to get PCIe throughput
2025/03/13 (07:38:30) | WARNING: ROCm SMI: Failed to get maximum GPU power draw, defaulting to 225W
2025/03/13 (07:38:30) | WARNING: ROCm SMI: Failed to get maximum GPU temperature, defaulting to 110°C
2025/03/13 (07:38:30) | WARNING: ROCm SMI: Failed to get VRAM utilization
2025/03/13 (07:38:30) | WARNING: ROCm SMI: Failed to get GPU power usage
2025/03/13 (07:38:30) | WARNING: ROCm SMI: Failed to get PCIe throughput

2025/03/13 (20:10:52) | ===> btop++ v.1.4.0
2025/03/13 (20:10:52) | WARNING: ROCm SMI: Failed to get maximum GPU temperature, defaulting to 110°C
2025/03/13 (20:10:52) | WARNING: ROCm SMI: Failed to get PCIe throughput
2025/03/13 (20:10:52) | WARNING: ROCm SMI: Failed to get maximum GPU power draw, defaulting to 225W
2025/03/13 (20:10:52) | WARNING: ROCm SMI: Failed to get maximum GPU temperature, defaulting to 110°C
2025/03/13 (20:10:52) | WARNING: ROCm SMI: Failed to get VRAM utilization
2025/03/13 (20:10:52) | WARNING: ROCm SMI: Failed to get GPU power usage
2025/03/13 (20:10:52) | WARNING: ROCm SMI: Failed to get PCIe throughput

2025/03/13 (20:33:41) | ===> btop++ v.1.4.0
2025/03/13 (20:33:41) | WARNING: ROCm SMI: Failed to get maximum GPU temperature, defaulting to 110°C
2025/03/13 (20:33:41) | WARNING: ROCm SMI: Failed to get PCIe throughput
2025/03/13 (20:33:41) | WARNING: ROCm SMI: Failed to get maximum GPU power draw, defaulting to 225W
2025/03/13 (20:33:41) | WARNING: ROCm SMI: Failed to get maximum GPU temperature, defaulting to 110°C
2025/03/13 (20:33:41) | WARNING: ROCm SMI: Failed to get VRAM utilization
2025/03/13 (20:33:41) | WARNING: ROCm SMI: Failed to get GPU power usage
2025/03/13 (20:33:41) | WARNING: ROCm SMI: Failed to get PCIe throughput

2025/03/17 (20:03:52) | ===> btop++ v.1.4.0
2025/03/17 (20:03:52) | WARNING: ROCm SMI: Failed to get maximum GPU temperature, defaulting to 110°C
2025/03/17 (20:03:52) | WARNING: ROCm SMI: Failed to get PCIe throughput
2025/03/17 (20:03:52) | WARNING: ROCm SMI: Failed to get maximum GPU power draw, defaulting to 225W
2025/03/17 (20:03:52) | WARNING: ROCm SMI: Failed to get maximum GPU temperature, defaulting to 110°C
2025/03/17 (20:03:52) | WARNING: ROCm SMI: Failed to get VRAM utilization
2025/03/17 (20:03:52) | WARNING: ROCm SMI: Failed to get GPU power usage
2025/03/17 (20:03:52) | WARNING: ROCm SMI: Failed to get PCIe throughput

2025/03/18 (18:51:08) | ===> btop++ v.1.4.0
2025/03/18 (18:51:08) | WARNING: ROCm SMI: Failed to get maximum GPU temperature, defaulting to 110°C
2025/03/18 (18:51:08) | WARNING: ROCm SMI: Failed to get PCIe throughput
2025/03/18 (18:51:08) | WARNING: ROCm SMI: Failed to get maximum GPU power draw, defaulting to 225W
2025/03/18 (18:51:08) | WARNING: ROCm SMI: Failed to get maximum GPU temperature, defaulting to 110°C
2025/03/18 (18:51:08) | WARNING: ROCm SMI: Failed to get VRAM utilization
2025/03/18 (18:51:08) | WARNING: ROCm SMI: Failed to get GPU power usage
2025/03/18 (18:51:08) | WARNING: ROCm SMI: Failed to get PCIe throughput

2025/03/18 (19:02:44) | ===> btop++ v.1.4.0
2025/03/18 (19:02:44) | WARNING: ROCm SMI: Failed to get maximum GPU temperature, defaulting to 110°C
2025/03/18 (19:02:44) | WARNING: ROCm SMI: Failed to get PCIe throughput
2025/03/18 (19:02:44) | WARNING: ROCm SMI: Failed to get maximum GPU power draw, defaulting to 225W
2025/03/18 (19:02:44) | WARNING: ROCm SMI: Failed to get maximum GPU temperature, defaulting to 110°C
2025/03/18 (19:02:44) | WARNING: ROCm SMI: Failed to get VRAM utilization
2025/03/18 (19:02:44) | WARNING: ROCm SMI: Failed to get GPU power usage
2025/03/18 (19:02:44) | WARNING: ROCm SMI: Failed to get PCIe throughput

2025/03/18 (22:31:57) | ===> btop++ v.1.4.0
2025/03/18 (22:31:57) | WARNING: ROCm SMI: Failed to get maximum GPU temperature, defaulting to 110°C
2025/03/18 (22:31:57) | WARNING: ROCm SMI: Failed to get PCIe throughput
2025/03/18 (22:31:57) | WARNING: ROCm SMI: Failed to get maximum GPU power draw, defaulting to 225W
2025/03/18 (22:31:57) | WARNING: ROCm SMI: Failed to get maximum GPU temperature, defaulting to 110°C
2025/03/18 (22:31:57) | WARNING: ROCm SMI: Failed to get VRAM utilization
2025/03/18 (22:31:57) | WARNING: ROCm SMI: Failed to get GPU power usage
2025/03/18 (22:31:57) | WARNING: ROCm SMI: Failed to get PCIe throughput

2025/03/18 (22:52:38) | ===> btop++ v.1.4.0
2025/03/18 (22:52:38) | WARNING: ROCm SMI: Failed to get maximum GPU temperature, defaulting to 110°C
2025/03/18 (22:52:38) | WARNING: ROCm SMI: Failed to get PCIe throughput
2025/03/18 (22:52:38) | WARNING: ROCm SMI: Failed to get maximum GPU power draw, defaulting to 225W
2025/03/18 (22:52:38) | WARNING: ROCm SMI: Failed to get maximum GPU temperature, defaulting to 110°C
2025/03/18 (22:52:38) | WARNING: ROCm SMI: Failed to get VRAM utilization
2025/03/18 (22:52:38) | WARNING: ROCm SMI: Failed to get GPU power usage
2025/03/18 (22:52:38) | WARNING: ROCm SMI: Failed to get PCIe throughput
2025/03/18 (23:07:16) | ERROR: Couldn't determine terminal size of "STDOUT_FILENO"!
2025/03/18 (23:07:16) | ERROR: Couldn't determine terminal size of "/dev/tty"!

2025/03/21 (16:02:50) | ===> btop++ v.1.4.0
2025/03/21 (16:02:50) | WARNING: ROCm SMI: Failed to get maximum GPU temperature, defaulting to 110°C
2025/03/21 (16:02:50) | WARNING: ROCm SMI: Failed to get PCIe throughput
2025/03/21 (16:02:50) | WARNING: ROCm SMI: Failed to get maximum GPU power draw, defaulting to 225W
2025/03/21 (16:02:50) | WARNING: ROCm SMI: Failed to get maximum GPU temperature, defaulting to 110°C
2025/03/21 (16:02:50) | WARNING: ROCm SMI: Failed to get VRAM utilization
2025/03/21 (16:02:50) | WARNING: ROCm SMI: Failed to get GPU power usage
2025/03/21 (16:02:50) | WARNING: ROCm SMI: Failed to get PCIe throughput

2025/03/21 (22:23:18) | ===> btop++ v.1.4.0
2025/03/21 (22:23:18) | WARNING: ROCm SMI: Failed to get maximum GPU temperature, defaulting to 110°C
2025/03/21 (22:23:18) | WARNING: ROCm SMI: Failed to get PCIe throughput
2025/03/21 (22:23:18) | WARNING: ROCm SMI: Failed to get maximum GPU power draw, defaulting to 225W
2025/03/21 (22:23:18) | WARNING: ROCm SMI: Failed to get maximum GPU temperature, defaulting to 110°C
2025/03/21 (22:23:18) | WARNING: ROCm SMI: Failed to get VRAM utilization
2025/03/21 (22:23:18) | WARNING: ROCm SMI: Failed to get GPU power usage
2025/03/21 (22:23:18) | WARNING: ROCm SMI: Failed to get PCIe throughput

2025/03/22 (14:34:48) | ===> btop++ v.1.4.0
2025/03/22 (14:34:48) | WARNING: ROCm SMI: Failed to get maximum GPU temperature, defaulting to 110°C
2025/03/22 (14:34:48) | WARNING: ROCm SMI: Failed to get PCIe throughput
2025/03/22 (14:34:48) | WARNING: ROCm SMI: Failed to get maximum GPU power draw, defaulting to 225W
2025/03/22 (14:34:48) | WARNING: ROCm SMI: Failed to get maximum GPU temperature, defaulting to 110°C
2025/03/22 (14:34:48) | WARNING: ROCm SMI: Failed to get VRAM utilization
2025/03/22 (14:34:48) | WARNING: ROCm SMI: Failed to get GPU power usage
2025/03/22 (14:34:48) | WARNING: ROCm SMI: Failed to get PCIe throughput

2025/03/22 (14:35:41) | ===> btop++ v.1.4.0
2025/03/22 (14:35:41) | WARNING: ROCm SMI: Failed to get maximum GPU temperature, defaulting to 110°C
2025/03/22 (14:35:41) | WARNING: ROCm SMI: Failed to get PCIe throughput
2025/03/22 (14:35:41) | WARNING: ROCm SMI: Failed to get maximum GPU power draw, defaulting to 225W
2025/03/22 (14:35:41) | WARNING: ROCm SMI: Failed to get maximum GPU temperature, defaulting to 110°C
2025/03/22 (14:35:41) | WARNING: ROCm SMI: Failed to get VRAM utilization
2025/03/22 (14:35:41) | WARNING: ROCm SMI: Failed to get GPU power usage
2025/03/22 (14:35:41) | WARNING: ROCm SMI: Failed to get PCIe throughput

2025/03/22 (14:52:16) | ===> btop++ v.1.4.0
2025/03/22 (14:52:16) | WARNING: ROCm SMI: Failed to get maximum GPU temperature, defaulting to 110°C
2025/03/22 (14:52:16) | WARNING: ROCm SMI: Failed to get PCIe throughput
2025/03/22 (14:52:16) | WARNING: ROCm SMI: Failed to get maximum GPU power draw, defaulting to 225W
2025/03/22 (14:52:16) | WARNING: ROCm SMI: Failed to get maximum GPU temperature, defaulting to 110°C
2025/03/22 (14:52:16) | WARNING: ROCm SMI: Failed to get VRAM utilization
2025/03/22 (14:52:16) | WARNING: ROCm SMI: Failed to get GPU power usage
2025/03/22 (14:52:16) | WARNING: ROCm SMI: Failed to get PCIe throughput

2025/03/22 (14:54:21) | ===> btop++ v.1.4.0
2025/03/22 (14:54:21) | WARNING: ROCm SMI: Failed to get maximum GPU temperature, defaulting to 110°C
2025/03/22 (14:54:21) | WARNING: ROCm SMI: Failed to get PCIe throughput
2025/03/22 (14:54:21) | WARNING: ROCm SMI: Failed to get maximum GPU power draw, defaulting to 225W
2025/03/22 (14:54:21) | WARNING: ROCm SMI: Failed to get maximum GPU temperature, defaulting to 110°C
2025/03/22 (14:54:21) | WARNING: ROCm SMI: Failed to get VRAM utilization
2025/03/22 (14:54:21) | WARNING: ROCm SMI: Failed to get GPU power usage
2025/03/22 (14:54:21) | WARNING: ROCm SMI: Failed to get PCIe throughput

2025/03/22 (15:18:34) | ===> btop++ v.1.4.0
2025/03/22 (15:18:34) | WARNING: ROCm SMI: Failed to get maximum GPU temperature, defaulting to 110°C
2025/03/22 (15:18:34) | WARNING: ROCm SMI: Failed to get PCIe throughput

2025/03/22 (17:16:44) | ===> btop++ v.1.4.0
2025/03/22 (17:16:44) | WARNING: ROCm SMI: Failed to get maximum GPU temperature, defaulting to 110°C
2025/03/22 (17:16:44) | WARNING: ROCm SMI: Failed to get PCIe throughput
2025/03/22 (17:16:44) | WARNING: ROCm SMI: Failed to get maximum GPU power draw, defaulting to 225W
2025/03/22 (17:16:44) | WARNING: ROCm SMI: Failed to get maximum GPU temperature, defaulting to 110°C
2025/03/22 (17:16:44) | WARNING: ROCm SMI: Failed to get VRAM utilization
2025/03/22 (17:16:44) | WARNING: ROCm SMI: Failed to get GPU power usage
2025/03/22 (17:16:44) | WARNING: ROCm SMI: Failed to get PCIe throughput

2025/03/22 (19:01:55) | ===> btop++ v.1.4.0
2025/03/22 (19:01:55) | WARNING: ROCm SMI: Failed to get maximum GPU temperature, defaulting to 110°C
2025/03/22 (19:01:55) | WARNING: ROCm SMI: Failed to get PCIe throughput

2025/03/23 (00:05:57) | ===> btop++ v.1.4.0
2025/03/23 (00:05:57) | WARNING: ROCm SMI: Failed to get maximum GPU temperature, defaulting to 110°C
2025/03/23 (00:05:57) | WARNING: ROCm SMI: Failed to get PCIe throughput

2025/03/27 (13:39:33) | ===> btop++ v.1.4.0
2025/03/27 (13:39:33) | WARNING: ROCm SMI: Failed to get maximum GPU temperature, defaulting to 110°C
2025/03/27 (13:39:33) | WARNING: ROCm SMI: Failed to get PCIe throughput

2025/03/27 (14:13:02) | ===> btop++ v.1.4.0
2025/03/27 (14:13:02) | WARNING: ROCm SMI: Failed to get maximum GPU temperature, defaulting to 110°C
2025/03/27 (14:13:02) | WARNING: ROCm SMI: Failed to get PCIe throughput

2025/03/27 (14:56:46) | ===> btop++ v.1.4.0
2025/03/27 (14:56:46) | WARNING: ROCm SMI: Failed to get maximum GPU temperature, defaulting to 110°C
2025/03/27 (14:56:46) | WARNING: ROCm SMI: Failed to get PCIe throughput

2025/03/28 (17:17:26) | ===> btop++ v.1.4.0
2025/03/28 (17:17:26) | WARNING: ROCm SMI: Failed to get maximum GPU temperature, defaulting to 110°C
2025/03/28 (17:17:26) | WARNING: ROCm SMI: Failed to get PCIe throughput

2025/03/28 (20:36:36) | ===> btop++ v.1.4.0
2025/03/28 (20:36:36) | WARNING: ROCm SMI: Failed to get maximum GPU temperature, defaulting to 110°C
2025/03/28 (20:36:36) | WARNING: ROCm SMI: Failed to get PCIe throughput

2025/04/01 (07:18:05) | ===> btop++ v.1.4.0
2025/04/01 (07:18:05) | WARNING: ROCm SMI: Failed to get maximum GPU temperature, defaulting to 110°C
2025/04/01 (07:18:05) | WARNING: ROCm SMI: Failed to get PCIe throughput

2025/04/01 (07:48:14) | ===> btop++ v.1.4.0
2025/04/01 (07:48:14) | WARNING: ROCm SMI: Failed to get maximum GPU temperature, defaulting to 110°C
2025/04/01 (07:48:14) | WARNING: ROCm SMI: Failed to get PCIe throughput

2025/04/01 (08:21:59) | ===> btop++ v.1.4.0
2025/04/01 (08:21:59) | WARNING: ROCm SMI: Failed to get maximum GPU temperature, defaulting to 110°C
2025/04/01 (08:21:59) | WARNING: ROCm SMI: Failed to get PCIe throughput

2025/04/01 (08:40:53) | ===> btop++ v.1.4.0
2025/04/01 (08:40:53) | WARNING: ROCm SMI: Failed to get maximum GPU temperature, defaulting to 110°C
2025/04/01 (08:40:53) | WARNING: ROCm SMI: Failed to get PCIe throughput

2025/04/01 (20:17:09) | ===> btop++ v.1.4.0
2025/04/01 (20:17:09) | WARNING: ROCm SMI: Failed to get maximum GPU temperature, defaulting to 110°C
2025/04/01 (20:17:09) | WARNING: ROCm SMI: Failed to get PCIe throughput

2025/04/01 (20:18:55) | ===> btop++ v.1.4.0
2025/04/01 (20:18:55) | WARNING: ROCm SMI: Failed to get maximum GPU temperature, defaulting to 110°C
2025/04/01 (20:18:55) | WARNING: ROCm SMI: Failed to get PCIe throughput

2025/04/01 (20:19:12) | ===> btop++ v.1.4.0
2025/04/01 (20:19:12) | WARNING: ROCm SMI: Failed to get maximum GPU temperature, defaulting to 110°C
2025/04/01 (20:19:12) | WARNING: ROCm SMI: Failed to get PCIe throughput

2025/04/01 (20:19:18) | ===> btop++ v.1.4.0
2025/04/01 (20:19:18) | WARNING: ROCm SMI: Failed to get maximum GPU temperature, defaulting to 110°C
2025/04/01 (20:19:18) | WARNING: ROCm SMI: Failed to get PCIe throughput

2025/04/01 (20:24:20) | ===> btop++ v.1.4.0
2025/04/01 (20:24:20) | WARNING: ROCm SMI: Failed to get maximum GPU temperature, defaulting to 110°C
2025/04/01 (20:24:20) | WARNING: ROCm SMI: Failed to get PCIe throughput

2025/04/01 (23:49:02) | ===> btop++ v.1.4.0
2025/04/01 (23:49:02) | WARNING: ROCm SMI: Failed to get maximum GPU temperature, defaulting to 110°C
2025/04/01 (23:49:02) | WARNING: ROCm SMI: Failed to get PCIe throughput

2025/04/01 (23:49:27) | ===> btop++ v.1.4.0
2025/04/01 (23:49:27) | WARNING: ROCm SMI: Failed to get maximum GPU temperature, defaulting to 110°C
2025/04/01 (23:49:27) | WARNING: ROCm SMI: Failed to get PCIe throughput

2025/04/01 (23:49:36) | ===> btop++ v.1.4.0
2025/04/01 (23:49:36) | WARNING: ROCm SMI: Failed to get maximum GPU temperature, defaulting to 110°C
2025/04/01 (23:49:36) | WARNING: ROCm SMI: Failed to get PCIe throughput

2025/04/07 (19:42:36) | ===> btop++ v.1.4.0
2025/04/07 (19:42:36) | WARNING: ROCm SMI: Failed to get maximum GPU temperature, defaulting to 110°C
2025/04/07 (19:42:36) | WARNING: ROCm SMI: Failed to get PCIe throughput

2025/04/07 (22:40:15) | ===> btop++ v.1.4.0
2025/04/07 (22:40:15) | WARNING: ROCm SMI: Failed to get maximum GPU temperature, defaulting to 110°C
2025/04/07 (22:40:15) | WARNING: ROCm SMI: Failed to get PCIe throughput

2025/04/08 (21:54:08) | ===> btop++ v.1.4.0
2025/04/08 (21:54:08) | WARNING: ROCm SMI: Failed to get maximum GPU temperature, defaulting to 110°C
2025/04/08 (21:54:08) | WARNING: ROCm SMI: Failed to get PCIe throughput

2025/04/08 (21:55:04) | ===> btop++ v.1.4.0
2025/04/08 (21:55:04) | WARNING: ROCm SMI: Failed to get maximum GPU temperature, defaulting to 110°C
2025/04/08 (21:55:04) | WARNING: ROCm SMI: Failed to get PCIe throughput

2025/04/08 (22:25:26) | ===> btop++ v.1.4.0
2025/04/08 (22:25:26) | WARNING: ROCm SMI: Failed to get maximum GPU temperature, defaulting to 110°C
2025/04/08 (22:25:26) | WARNING: ROCm SMI: Failed to get PCIe throughput

2025/04/08 (22:52:55) | ===> btop++ v.1.4.0
2025/04/08 (22:52:55) | WARNING: ROCm SMI: Failed to get maximum GPU temperature, defaulting to 110°C
2025/04/08 (22:52:55) | WARNING: ROCm SMI: Failed to get PCIe throughput

2025/04/08 (22:53:21) | ===> btop++ v.1.4.0
2025/04/08 (22:53:21) | WARNING: ROCm SMI: Failed to get maximum GPU temperature, defaulting to 110°C
2025/04/08 (22:53:21) | WARNING: ROCm SMI: Failed to get PCIe throughput

2025/04/09 (09:37:16) | ===> btop++ v.1.4.0
2025/04/09 (09:37:16) | WARNING: ROCm SMI: Failed to get maximum GPU temperature, defaulting to 110°C
2025/04/09 (09:37:16) | WARNING: ROCm SMI: Failed to get PCIe throughput

2025/04/09 (09:43:23) | ===> btop++ v.1.4.0
2025/04/09 (09:43:23) | WARNING: ROCm SMI: Failed to get maximum GPU temperature, defaulting to 110°C
2025/04/09 (09:43:23) | WARNING: ROCm SMI: Failed to get PCIe throughput

2025/04/11 (19:06:53) | ===> btop++ v.1.4.0
2025/04/11 (19:06:53) | WARNING: ROCm SMI: Failed to get maximum GPU temperature, defaulting to 110°C
2025/04/11 (19:06:53) | WARNING: ROCm SMI: Failed to get PCIe throughput

2025/04/15 (16:03:07) | ===> btop++ v.1.4.0
2025/04/15 (16:03:07) | WARNING: ROCm SMI: Failed to get maximum GPU temperature, defaulting to 110°C
2025/04/15 (16:03:07) | WARNING: ROCm SMI: Failed to get PCIe throughput

2025/04/15 (22:12:37) | ===> btop++ v.1.4.0
2025/04/15 (22:12:37) | WARNING: ROCm SMI: Failed to get maximum GPU temperature, defaulting to 110°C
2025/04/15 (22:12:37) | WARNING: ROCm SMI: Failed to get PCIe throughput

2025/04/16 (07:33:45) | ===> btop++ v.1.4.0
2025/04/16 (07:33:45) | WARNING: ROCm SMI: Failed to get maximum GPU temperature, defaulting to 110°C
2025/04/16 (07:33:45) | WARNING: ROCm SMI: Failed to get PCIe throughput

2025/04/16 (07:34:02) | ===> btop++ v.1.4.0
2025/04/16 (07:34:02) | WARNING: ROCm SMI: Failed to get maximum GPU temperature, defaulting to 110°C
2025/04/16 (07:34:02) | WARNING: ROCm SMI: Failed to get PCIe throughput

2025/04/16 (07:47:34) | ===> btop++ v.1.4.0
2025/04/16 (07:47:34) | WARNING: ROCm SMI: Failed to get maximum GPU temperature, defaulting to 110°C
2025/04/16 (07:47:34) | WARNING: ROCm SMI: Failed to get PCIe throughput

2025/04/16 (08:43:32) | ===> btop++ v.1.4.0
2025/04/16 (08:43:32) | WARNING: ROCm SMI: Failed to get maximum GPU temperature, defaulting to 110°C
2025/04/16 (08:43:32) | WARNING: ROCm SMI: Failed to get PCIe throughput

2025/04/16 (09:14:19) | ===> btop++ v.1.4.0
2025/04/16 (09:14:19) | WARNING: ROCm SMI: Failed to get maximum GPU temperature, defaulting to 110°C
2025/04/16 (09:14:19) | WARNING: ROCm SMI: Failed to get PCIe throughput

2025/04/16 (09:18:58) | ===> btop++ v.1.4.0
2025/04/16 (09:18:58) | WARNING: ROCm SMI: Failed to get maximum GPU temperature, defaulting to 110°C
2025/04/16 (09:18:58) | WARNING: ROCm SMI: Failed to get PCIe throughput

2025/04/16 (09:27:19) | ===> btop++ v.1.4.0
2025/04/16 (09:27:19) | WARNING: ROCm SMI: Failed to get maximum GPU temperature, defaulting to 110°C
2025/04/16 (09:27:19) | WARNING: ROCm SMI: Failed to get PCIe throughput
